<?xml version="1.0" encoding="UTF-8"?>
<testsuite xmlns:xsi="http://www.w3.org/2001/XMLSchema-instance" xsi:noNamespaceSchemaLocation="https://maven.apache.org/surefire/maven-surefire-plugin/xsd/surefire-test-report-3.0.xsd" version="3.0" name="rompecabezas.mundo.JuegoRompecabezasTest" time="0.17" tests="8" errors="0" skipped="0" failures="0">
  <properties>
    <property name="java.specification.version" value="19"/>
    <property name="sun.cpu.isalist" value="amd64"/>
    <property name="sun.jnu.encoding" value="Cp1252"/>
    <property name="java.class.path" value="C:\Users\manue\Documents\UNIVERSIDAD\INGENIERÍA DE SOFTWARE III\Taller\rompecabezas2\target\test-classes;C:\Users\manue\Documents\UNIVERSIDAD\INGENIERÍA DE SOFTWARE III\Taller\rompecabezas2\target\classes;C:\Users\manue\.m2\repository\junit\junit\4.12\junit-4.12.jar;C:\Users\manue\.m2\repository\org\hamcrest\hamcrest-core\1.3\hamcrest-core-1.3.jar;"/>
    <property name="java.vm.vendor" value="Oracle Corporation"/>
    <property name="sun.arch.data.model" value="64"/>
    <property name="user.variant" value=""/>
    <property name="java.vendor.url" value="https://java.oracle.com/"/>
    <property name="user.timezone" value="America/Bogota"/>
    <property name="user.country.format" value="US"/>
    <property name="os.name" value="Windows 10"/>
    <property name="java.vm.specification.version" value="19"/>
    <property name="sun.java.launcher" value="SUN_STANDARD"/>
    <property name="user.country" value="MX"/>
    <property name="sun.boot.library.path" value="C:\Program Files\Java\jdk-19\bin"/>
    <property name="sun.java.command" value="C:\Users\manue\AppData\Local\Temp\surefire10111430994069766307\surefirebooter162034118185427214.jar C:\Users\manue\AppData\Local\Temp\surefire10111430994069766307 2023-05-10T15-36-18_044-jvmRun1 surefire1571201314348139724tmp surefire_010009417390182253025tmp"/>
    <property name="jdk.debug" value="release"/>
    <property name="surefire.test.class.path" value="C:\Users\manue\Documents\UNIVERSIDAD\INGENIERÍA DE SOFTWARE III\Taller\rompecabezas2\target\test-classes;C:\Users\manue\Documents\UNIVERSIDAD\INGENIERÍA DE SOFTWARE III\Taller\rompecabezas2\target\classes;C:\Users\manue\.m2\repository\junit\junit\4.12\junit-4.12.jar;C:\Users\manue\.m2\repository\org\hamcrest\hamcrest-core\1.3\hamcrest-core-1.3.jar;"/>
    <property name="sun.cpu.endian" value="little"/>
    <property name="user.home" value="C:\Users\manue"/>
    <property name="user.language" value="es"/>
    <property name="java.specification.vendor" value="Oracle Corporation"/>
    <property name="java.version.date" value="2023-01-17"/>
    <property name="java.home" value="C:\Program Files\Java\jdk-19"/>
    <property name="file.separator" value="\"/>
    <property name="basedir" value="C:\Users\manue\Documents\UNIVERSIDAD\INGENIERÍA DE SOFTWARE III\Taller\rompecabezas2"/>
    <property name="java.vm.compressedOopsMode" value="32-bit"/>
    <property name="line.separator" value="&#10;"/>
    <property name="java.vm.specification.vendor" value="Oracle Corporation"/>
    <property name="java.specification.name" value="Java Platform API Specification"/>
    <property name="surefire.real.class.path" value="C:\Users\manue\AppData\Local\Temp\surefire10111430994069766307\surefirebooter162034118185427214.jar"/>
    <property name="user.script" value=""/>
    <property name="sun.management.compiler" value="HotSpot 64-Bit Tiered Compilers"/>
    <property name="java.runtime.version" value="19.0.2+7-44"/>
    <property name="user.name" value="manue"/>
    <property name="stdout.encoding" value="Cp1252"/>
    <property name="path.separator" value=";"/>
    <property name="os.version" value="10.0"/>
    <property name="java.runtime.name" value="Java(TM) SE Runtime Environment"/>
    <property name="file.encoding" value="UTF-8"/>
    <property name="java.vm.name" value="Java HotSpot(TM) 64-Bit Server VM"/>
    <property name="localRepository" value="C:\Users\manue\.m2\repository"/>
    <property name="java.vendor.url.bug" value="https://bugreport.java.com/bugreport/"/>
    <property name="java.io.tmpdir" value="C:\Users\manue\AppData\Local\Temp\"/>
    <property name="java.version" value="19.0.2"/>
    <property name="user.dir" value="C:\Users\manue\Documents\UNIVERSIDAD\INGENIERÍA DE SOFTWARE III\Taller\rompecabezas2"/>
    <property name="os.arch" value="amd64"/>
    <property name="java.vm.specification.name" value="Java Virtual Machine Specification"/>
    <property name="user.language.format" value="en"/>
    <property name="sun.os.patch.level" value=""/>
    <property name="native.encoding" value="Cp1252"/>
    <property name="java.library.path" value="C:\Program Files\Java\jdk-19\bin;C:\WINDOWS\Sun\Java\bin;C:\WINDOWS\system32;C:\WINDOWS;C:\Python311\Scripts\;C:\Python311\;C:\Program Files\Common Files\Oracle\Java\javapath;C:\Program Files\Broadcom\Broadcom 802.11 Network Adapter;C:\WINDOWS\system32;C:\WINDOWS;C:\WINDOWS\System32\Wbem;C:\WINDOWS\System32\WindowsPowerShell\v1.0\;c:\Program Files (x86)\ATI Technologies\ATI.ACE\Core-Static;C:\WINDOWS\System32\OpenSSH\;C:\Program Files\Go\bin;C:\Program Files\Git\cmd;C:\Program Files\nodejs\;C:\ProgramData\chocolatey\bin;C:\Users\manue\scoop\shims;C:\Users\manue\AppData\Local\Microsoft\WindowsApps;C:\Users\manue\AppData\Local\Programs\Microsoft VS Code\bin;C:\Users\manue\go\bin;C:\Program Files\JetBrains\IntelliJ IDEA Community Edition 2023.1\bin;C:\Users\manue\AppData\Local\GitHubDesktop\bin;C:\Users\manue\AppData\Roaming\npm;C:\Users\manue\Documents\UNIVERSIDAD\INGENIERÍA DE SOFTWARE III\Taller\apache-maven-3.9.1\bin;;."/>
    <property name="java.vm.info" value="mixed mode, sharing"/>
    <property name="stderr.encoding" value="Cp1252"/>
    <property name="java.vendor" value="Oracle Corporation"/>
    <property name="java.vm.version" value="19.0.2+7-44"/>
    <property name="sun.io.unicode.encoding" value="UnicodeLittle"/>
    <property name="java.class.version" value="63.0"/>
  </properties>
  <testcase name="testJuego" classname="rompecabezas.mundo.JuegoRompecabezasTest" time="0"/>
  <testcase name="testOrdenarPorCategoria" classname="rompecabezas.mundo.JuegoRompecabezasTest" time="0"/>
  <testcase name="testOrdenarPornombre" classname="rompecabezas.mundo.JuegoRompecabezasTest" time="0"/>
  <testcase name="testTerminarJuego" classname="rompecabezas.mundo.JuegoRompecabezasTest" time="0"/>
  <testcase name="testIniciarJuego" classname="rompecabezas.mundo.JuegoRompecabezasTest" time="0"/>
  <testcase name="testAgregarFigura1" classname="rompecabezas.mundo.JuegoRompecabezasTest" time="0"/>
  <testcase name="testAgregarFigura2" classname="rompecabezas.mundo.JuegoRompecabezasTest" time="0"/>
  <testcase name="testOrdenarPorDificultad" classname="rompecabezas.mundo.JuegoRompecabezasTest" time="0"/>
</testsuite>